<?xml version="1.0" encoding="UTF-8"?>
<!-- Generated by org.testng.reporters.JUnitReportReporter -->
<testsuite skipped="0" hostname="DESKTOP-KJG83OT" name="runner.PIM_Module_Runner" tests="2" failures="0" timestamp="2024-03-16T19:14:19 IST" time="167.188" errors="0">
  <testcase name="runScenario" time="77.492" classname="runner.PIM_Module_Runner"/>
  <system-out/>
  <testcase name="runScenario" time="89.696" classname="runner.PIM_Module_Runner"/>
  <system-out/>
</testsuite> <!-- runner.PIM_Module_Runner -->
