<?xml version="1.0" encoding="UTF-8"?>
<!-- Generated by org.testng.reporters.JUnitReportReporter -->
<testsuite skipped="0" hostname="DESKTOP-KJG83OT" name="runner.Login_ValidData_TestRunner" tests="1" failures="0" timestamp="2024-03-04T21:32:00 IST" time="10.474" errors="0">
  <testcase name="runScenario" time="10.474" classname="runner.Login_ValidData_TestRunner"/>
  <system-out/>
</testsuite> <!-- runner.Login_ValidData_TestRunner -->
